Using pre-set license
Built from '2020.3/staging' branch; Version is '2020.3.22f1 (e1a7f79fd887) revision 14788599'; Using compiler version '192528614'; Build Type 'Release'
OS: 'Windows 10 Home Single Language; OS build 19042.1348; Version 2009; 64bit' Language: 'en' Physical Memory: 8002 MB
BatchMode: 1, IsHumanControllingUs: 0, StartBugReporterOnCrash: 0, Is64bit: 1, IsPro: 0

COMMAND LINE ARGUMENTS:
C:\Program Files\Unity\Hub\Editor\2020.3.22f1\Editor\Unity.exe
-adb2
-batchMode
-noUpm
-name
AssetImportWorker0
-projectPath
D:/CS222/Lab2
-logFile
Logs/AssetImportWorker0.log
-srvPort
22630
Successfully changed project path to: D:/CS222/Lab2
D:/CS222/Lab2
Using Asset Import Pipeline V2.
Refreshing native plugins compatible for Editor in 81.59 ms, found 2 plugins.
Preloading 0 native plugins for Editor in 0.00 ms.
Initialize engine version: 2020.3.22f1 (e1a7f79fd887)
[Subsystems] Discovering subsystems at path C:/Program Files/Unity/Hub/Editor/2020.3.22f1/Editor/Data/Resources/UnitySubsystems
[Subsystems] Discovering subsystems at path D:/CS222/Lab2/Assets
GfxDevice: creating device client; threaded=0
Direct3D:
    Version:  Direct3D 11.0 [level 11.1]
    Renderer: Radeon RX 560X (ID=0x67ef)
    Vendor:   
    VRAM:     4041 MB
    Driver:   26.20.12036.4002
Initialize mono
Mono path[0] = 'C:/Program Files/Unity/Hub/Editor/2020.3.22f1/Editor/Data/Managed'
Mono path[1] = 'C:/Program Files/Unity/Hub/Editor/2020.3.22f1/Editor/Data/MonoBleedingEdge/lib/mono/unityjit'
Mono config path = 'C:/Program Files/Unity/Hub/Editor/2020.3.22f1/Editor/Data/MonoBleedingEdge/etc'
Using monoOptions --debugger-agent=transport=dt_socket,embedding=1,server=y,suspend=n,address=127.0.0.1:56348
Begin MonoManager ReloadAssembly
Registering precompiled unity dll's ...
Register platform support module: C:/Program Files/Unity/Hub/Editor/2020.3.22f1/Editor/Data/PlaybackEngines/WindowsStandaloneSupport/UnityEditor.WindowsStandalone.Extensions.dll
Registered in 0.002881 seconds.
Native extension for WindowsStandalone target not found
Refreshing native plugins compatible for Editor in 73.42 ms, found 2 plugins.
Preloading 0 native plugins for Editor in 0.00 ms.
Mono: successfully reloaded assembly
- Completed reload, in  4.803 seconds
Domain Reload Profiling:
	ReloadAssembly (4804ms)
		BeginReloadAssembly (94ms)
			ExecutionOrderSort (0ms)
			DisableScriptedObjects (0ms)
			BackupInstance (0ms)
			ReleaseScriptingObjects (0ms)
			CreateAndSetChildDomain (1ms)
		EndReloadAssembly (688ms)
			LoadAssemblies (87ms)
			RebuildTransferFunctionScriptingTraits (0ms)
			SetupTypeCache (232ms)
			ReleaseScriptCaches (0ms)
			RebuildScriptCaches (45ms)
			SetupLoadedEditorAssemblies (259ms)
				LogAssemblyErrors (0ms)
				InitializePlatformSupportModulesInManaged (6ms)
				SetLoadedEditorAssemblies (0ms)
				RefreshPlugins (74ms)
				BeforeProcessingInitializeOnLoad (11ms)
				ProcessInitializeOnLoadAttributes (125ms)
				ProcessInitializeOnLoadMethodAttributes (43ms)
				AfterProcessingInitializeOnLoad (0ms)
				EditorAssembliesLoaded (0ms)
			ExecutionOrderSort2 (0ms)
			AwakeInstancesAfterBackupRestoration (0ms)
Platform modules already initialized, skipping
Registering precompiled user dll's ...
Registered in 0.007529 seconds.
Begin MonoManager ReloadAssembly
Native extension for WindowsStandalone target not found
Refreshing native plugins compatible for Editor in 74.92 ms, found 2 plugins.
Preloading 0 native plugins for Editor in 0.00 ms.
Mono: successfully reloaded assembly
- Completed reload, in  1.718 seconds
Domain Reload Profiling:
	ReloadAssembly (1719ms)
		BeginReloadAssembly (208ms)
			ExecutionOrderSort (0ms)
			DisableScriptedObjects (7ms)
			BackupInstance (0ms)
			ReleaseScriptingObjects (0ms)
			CreateAndSetChildDomain (28ms)
		EndReloadAssembly (1411ms)
			LoadAssemblies (132ms)
			RebuildTransferFunctionScriptingTraits (0ms)
			SetupTypeCache (487ms)
			ReleaseScriptCaches (1ms)
			RebuildScriptCaches (71ms)
			SetupLoadedEditorAssemblies (528ms)
				LogAssemblyErrors (0ms)
				InitializePlatformSupportModulesInManaged (5ms)
				SetLoadedEditorAssemblies (0ms)
				RefreshPlugins (75ms)
				BeforeProcessingInitializeOnLoad (103ms)
				ProcessInitializeOnLoadAttributes (316ms)
				ProcessInitializeOnLoadMethodAttributes (17ms)
				AfterProcessingInitializeOnLoad (12ms)
				EditorAssembliesLoaded (0ms)
			ExecutionOrderSort2 (0ms)
			AwakeInstancesAfterBackupRestoration (9ms)
Platform modules already initialized, skipping
========================================================================
Worker process is ready to serve import requests
Launched and connected shader compiler UnityShaderCompiler.exe after 0.10 seconds
Refreshing native plugins compatible for Editor in 0.77 ms, found 2 plugins.
Preloading 0 native plugins for Editor in 0.00 ms.
Unloading 2884 Unused Serialized files (Serialized files now loaded: 0)
System memory in use before: 124.1 MB.
System memory in use after: 124.3 MB.

Unloading 20 unused Assets to reduce memory usage. Loaded Objects now: 3316.
Total: 7.912100 ms (FindLiveObjects: 0.574300 ms CreateObjectMapping: 0.386800 ms MarkObjects: 6.816500 ms  DeleteObjects: 0.132300 ms)

AssetImportParameters requested are different than current active one (requested -> active):
  custom:framework-win-MediaFoundation: 216162199b28c13a410421893ffa2e32 -> 
  custom:video-decoder-ogg-theora: a1e56fd34408186e4bbccfd4996cb3dc -> 
  custom:container-muxer-webm: aa71ff27fc2769a1b78a27578f13a17b -> 
  custom:container-demuxer-webm: 4f35f7cbe854078d1ac9338744f61a02 -> 
  custom:container-demuxer-ogg: 62fdf1f143b41e24485cea50d1cbac27 -> 
  custom:video-encoder-webm-vp8: eb34c28f22e8b96e1ab97ce403110664 -> 
  custom:video-codec-MediaFoundation-h265: 746d11721c4dcdbdad8f713fa42b33f4 -> 
  custom:video-decoder-webm-vp8: 9c59270c3fd7afecdb556c50c9e8de78 -> 
  custom:audio-decoder-ogg-vorbis: bf7c407c2cedff20999df2af8eb42d56 -> 
  custom:audio-encoder-webm-vorbis: bf7c407c2cedff20999df2af8eb42d56 -> 
========================================================================
Received Import Request.
  path: Assets
  artifactKey: Guid(00000000000000001000000000000000) Importer(815301076,1909f56bfc062723c751e8b465ee728b)
Start importing Assets using Guid(00000000000000001000000000000000) Importer(815301076,1909f56bfc062723c751e8b465ee728b)  -> (artifact id: '42d402b061de3733987d63b9cc3b64de') in 0.015875 seconds 
  Import took 0.022293 seconds .

========================================================================
Received Import Request.
  Time since last request: 25.904442 seconds.
  path: Assets/UniversalRenderPipelineAsset.asset
  artifactKey: Guid(7a2858886a72e7542a62b85bee4a645b) Importer(815301076,1909f56bfc062723c751e8b465ee728b)
Start importing Assets/UniversalRenderPipelineAsset.asset using Guid(7a2858886a72e7542a62b85bee4a645b) Importer(815301076,1909f56bfc062723c751e8b465ee728b)  -> (artifact id: 'cdeb49062e66811f4abe85d96c940489') in 0.091439 seconds 
  Import took 0.103536 seconds .

========================================================================
Received Import Request.
  Time since last request: 0.000301 seconds.
  path: Assets/UniversalRenderPipelineAsset_Renderer.asset
  artifactKey: Guid(b7de546caf7f83c43ba199472398e311) Importer(815301076,1909f56bfc062723c751e8b465ee728b)
Start importing Assets/UniversalRenderPipelineAsset_Renderer.asset using Guid(b7de546caf7f83c43ba199472398e311) Importer(815301076,1909f56bfc062723c751e8b465ee728b)  -> (artifact id: 'b021d8031c46f21a3ab098caf1b27470') in 0.042309 seconds 
  Import took 0.049312 seconds .

========================================================================
Received Prepare
Switching render pipeline 00000000000000000000000000000000 -> 7a2858886a72e7542a62b85bee4a645b
Refreshing native plugins compatible for Editor in 3.84 ms, found 2 plugins.
Preloading 0 native plugins for Editor in 0.00 ms.
Unloading 61 Unused Serialized files (Serialized files now loaded: 0)
System memory in use before: 67.4 MB.
System memory in use after: 67.6 MB.

Unloading 13 unused Assets to reduce memory usage. Loaded Objects now: 3364.
Total: 5.164300 ms (FindLiveObjects: 0.285800 ms CreateObjectMapping: 0.078200 ms MarkObjects: 4.768500 ms  DeleteObjects: 0.030200 ms)

AssetImportParameters requested are different than current active one (requested -> active):
  custom:framework-win-MediaFoundation: 216162199b28c13a410421893ffa2e32 -> 
  custom:video-decoder-ogg-theora: a1e56fd34408186e4bbccfd4996cb3dc -> 
  custom:container-muxer-webm: aa71ff27fc2769a1b78a27578f13a17b -> 
  custom:container-demuxer-webm: 4f35f7cbe854078d1ac9338744f61a02 -> 
  custom:container-demuxer-ogg: 62fdf1f143b41e24485cea50d1cbac27 -> 
  custom:video-encoder-webm-vp8: eb34c28f22e8b96e1ab97ce403110664 -> 
  custom:video-codec-MediaFoundation-h265: 746d11721c4dcdbdad8f713fa42b33f4 -> 
  custom:video-decoder-webm-vp8: 9c59270c3fd7afecdb556c50c9e8de78 -> 
  custom:audio-decoder-ogg-vorbis: bf7c407c2cedff20999df2af8eb42d56 -> 
  custom:audio-encoder-webm-vorbis: bf7c407c2cedff20999df2af8eb42d56 -> 
========================================================================
Received Import Request.
  Time since last request: 409.167590 seconds.
  path: Assets/Stylized Environnement - Free Pack/PPP.asset
  artifactKey: Guid(07d475369b47b413fad896a658b53062) Importer(815301076,1909f56bfc062723c751e8b465ee728b)
Start importing Assets/Stylized Environnement - Free Pack/PPP.asset using Guid(07d475369b47b413fad896a658b53062) Importer(815301076,1909f56bfc062723c751e8b465ee728b)  -> (artifact id: '8f7a5a1745fbd48dda80cb1f9bcb5f68') in 0.014927 seconds 
  Import took 0.026632 seconds .

========================================================================
Received Import Request.
  Time since last request: 6.274650 seconds.
  path: Assets/Stylized Environnement - Free Pack/scene
  artifactKey: Guid(8d2312136ac26fb4d936db44f300737c) Importer(815301076,1909f56bfc062723c751e8b465ee728b)
Start importing Assets/Stylized Environnement - Free Pack/scene using Guid(8d2312136ac26fb4d936db44f300737c) Importer(815301076,1909f56bfc062723c751e8b465ee728b)  -> (artifact id: '61dbd502067d4d913dad1949135b7dbf') in 0.013754 seconds 
  Import took 0.025192 seconds .

========================================================================
Received Import Request.
  Time since last request: 8.732644 seconds.
  path: Assets/Stylized Environnement - Free Pack/scene/BasicScene.unity
  artifactKey: Guid(260eaf368e9267b4b97d4681122b0319) Importer(815301076,1909f56bfc062723c751e8b465ee728b)
Start importing Assets/Stylized Environnement - Free Pack/scene/BasicScene.unity using Guid(260eaf368e9267b4b97d4681122b0319) Importer(815301076,1909f56bfc062723c751e8b465ee728b)  -> (artifact id: '3ca7f0909316709f1ed6f0134dfe2ae7') in 0.035124 seconds 
  Import took 0.081113 seconds .

========================================================================
Received Import Request.
  Time since last request: 740.380015 seconds.
  path: Assets/Model/pearl@Thriller Part 3.fbx
  artifactKey: Guid(4b06d9813ff425b42a19d731d004afff) Importer(815301076,1909f56bfc062723c751e8b465ee728b)
Start importing Assets/Model/pearl@Thriller Part 3.fbx using Guid(4b06d9813ff425b42a19d731d004afff) Importer(815301076,1909f56bfc062723c751e8b465ee728b)  -> (artifact id: 'da4c975a93df018f73f2844c8179a399') in 1.880775 seconds 
  Import took 1.899212 seconds .

========================================================================
Received Import Request.
  Time since last request: 1813.554690 seconds.
  path: Assets/Myshaeder/depthwater/depthwater.shadersubgraph
  artifactKey: Guid(1399a3c2a0756eb42b16335f54c3fc15) Importer(815301076,1909f56bfc062723c751e8b465ee728b)
Start importing Assets/Myshaeder/depthwater/depthwater.shadersubgraph using Guid(1399a3c2a0756eb42b16335f54c3fc15) Importer(815301076,1909f56bfc062723c751e8b465ee728b)  -> (artifact id: '38237aee78de5ec50f34576b6d001a40') in 0.198766 seconds 
  Import took 0.251139 seconds .

========================================================================
Received Import Request.
  Time since last request: 29.636811 seconds.
  path: Assets/Myshaeder/depthwater/depthwater.mat
  artifactKey: Guid(078cd0e0b550fc748a582f4d1ee8b058) Importer(815301076,1909f56bfc062723c751e8b465ee728b)
Start importing Assets/Myshaeder/depthwater/depthwater.mat using Guid(078cd0e0b550fc748a582f4d1ee8b058) Importer(815301076,1909f56bfc062723c751e8b465ee728b)  -> (artifact id: '61a232a551a22b53b6291ca50a40f31c') in 0.624571 seconds 
  Import took 0.631122 seconds .

========================================================================
Received Import Request.
  Time since last request: 231.839698 seconds.
  path: Assets/UniversalRenderPipelineAsset.asset
  artifactKey: Guid(7a2858886a72e7542a62b85bee4a645b) Importer(815301076,1909f56bfc062723c751e8b465ee728b)
Start importing Assets/UniversalRenderPipelineAsset.asset using Guid(7a2858886a72e7542a62b85bee4a645b) Importer(815301076,1909f56bfc062723c751e8b465ee728b)  -> (artifact id: 'ba1148117cb2f38ebcd5607be44e2e13') in 0.003187 seconds 
  Import took 0.009841 seconds .

========================================================================
Received Import Request.
  Time since last request: 0.001448 seconds.
  path: Assets/UniversalRenderPipelineAsset_Renderer.asset
  artifactKey: Guid(b7de546caf7f83c43ba199472398e311) Importer(815301076,1909f56bfc062723c751e8b465ee728b)
Start importing Assets/UniversalRenderPipelineAsset_Renderer.asset using Guid(b7de546caf7f83c43ba199472398e311) Importer(815301076,1909f56bfc062723c751e8b465ee728b)  -> (artifact id: '7ee2f3735128dac57fd1176d127ae2eb') in 0.005837 seconds 
  Import took 0.014720 seconds .

========================================================================
Received Import Request.
  Time since last request: 3.613097 seconds.
  path: Assets/Myshaeder
  artifactKey: Guid(26a47fd0c8a2fe147ac93b2801a196d3) Importer(815301076,1909f56bfc062723c751e8b465ee728b)
Start importing Assets/Myshaeder using Guid(26a47fd0c8a2fe147ac93b2801a196d3) Importer(815301076,1909f56bfc062723c751e8b465ee728b)  -> (artifact id: '8d1700d3fe12181865c204ca6a1e0120') in 0.015024 seconds 
  Import took 0.023614 seconds .

========================================================================
Received Import Request.
  Time since last request: 35.863334 seconds.
  path: Assets/Myshaeder/water2color
  artifactKey: Guid(d4763b4c05e6a7f4fbd087ff3cbee7d6) Importer(815301076,1909f56bfc062723c751e8b465ee728b)
Start importing Assets/Myshaeder/water2color using Guid(d4763b4c05e6a7f4fbd087ff3cbee7d6) Importer(815301076,1909f56bfc062723c751e8b465ee728b)  -> (artifact id: 'b8e4938311614b7da26dbe6bf6007209') in 0.016815 seconds 
  Import took 0.024168 seconds .

========================================================================
Received Import Request.
  Time since last request: 26.238764 seconds.
  path: Assets/Myshaeder/water2color/water2color.shadergraph
  artifactKey: Guid(e4759800c927a2e4ba6b85c61b532be2) Importer(815301076,1909f56bfc062723c751e8b465ee728b)
Start importing Assets/Myshaeder/water2color/water2color.shadergraph using Guid(e4759800c927a2e4ba6b85c61b532be2) Importer(815301076,1909f56bfc062723c751e8b465ee728b)  -> (artifact id: '0538642dcc73e4e534d7156361224a68') in 0.006657 seconds 
  Import took 0.016957 seconds .

========================================================================
Received Import Request.
  Time since last request: 388.363066 seconds.
  path: Assets/Myshaeder/water2color/water2color.shadersubgraph
  artifactKey: Guid(13af467d11d5bcf4891ae2d1c86d34f1) Importer(815301076,1909f56bfc062723c751e8b465ee728b)
Start importing Assets/Myshaeder/water2color/water2color.shadersubgraph using Guid(13af467d11d5bcf4891ae2d1c86d34f1) Importer(815301076,1909f56bfc062723c751e8b465ee728b)  -> (artifact id: '387b3552440de2d753562abe1cee388f') in 0.089170 seconds 
  Import took 0.189620 seconds .

========================================================================
Received Import Request.
  Time since last request: 19.320796 seconds.
  path: Assets/Myshaeder/water2color/water2color.mat
  artifactKey: Guid(cd1661affb2497c49bda75f8344af264) Importer(815301076,1909f56bfc062723c751e8b465ee728b)
Start importing Assets/Myshaeder/water2color/water2color.mat using Guid(cd1661affb2497c49bda75f8344af264) Importer(815301076,1909f56bfc062723c751e8b465ee728b)  -> (artifact id: '9b48b4168f85f6c359cd019caff1263c') in 0.023815 seconds 
  Import took 0.036118 seconds .

========================================================================
Received Import Request.
  Time since last request: 193.287142 seconds.
  path: Assets/Myshaeder/water2color/water2color.shadersubgraph
  artifactKey: Guid(13af467d11d5bcf4891ae2d1c86d34f1) Importer(815301076,1909f56bfc062723c751e8b465ee728b)
Start importing Assets/Myshaeder/water2color/water2color.shadersubgraph using Guid(13af467d11d5bcf4891ae2d1c86d34f1) Importer(815301076,1909f56bfc062723c751e8b465ee728b)  -> (artifact id: 'b394c65e7bf297683b9543c7fd9e7b04') in 0.017497 seconds 
  Import took 0.026234 seconds .

========================================================================
Received Import Request.
  Time since last request: 49.961514 seconds.
  path: Assets/Myshaeder/water2color/water2color.shadergraph
  artifactKey: Guid(e4759800c927a2e4ba6b85c61b532be2) Importer(815301076,1909f56bfc062723c751e8b465ee728b)
Start importing Assets/Myshaeder/water2color/water2color.shadergraph using Guid(e4759800c927a2e4ba6b85c61b532be2) Importer(815301076,1909f56bfc062723c751e8b465ee728b)  -> (artifact id: '8d4f1c89ea2983263df001ebc3cf8436') in 0.005728 seconds 
  Import took 0.011733 seconds .

========================================================================
Received Import Request.
  Time since last request: 331.610153 seconds.
  path: Assets/Myshaeder/water2color/water2color.shadersubgraph
  artifactKey: Guid(13af467d11d5bcf4891ae2d1c86d34f1) Importer(815301076,1909f56bfc062723c751e8b465ee728b)
Start importing Assets/Myshaeder/water2color/water2color.shadersubgraph using Guid(13af467d11d5bcf4891ae2d1c86d34f1) Importer(815301076,1909f56bfc062723c751e8b465ee728b)  -> (artifact id: 'f46a828658a086149faea2decab4e23d') in 0.034186 seconds 
  Import took 0.068361 seconds .

========================================================================
Received Import Request.
  Time since last request: 973.205386 seconds.
  path: Assets/Myshaeder/water2color/water2color.shadergraph
  artifactKey: Guid(e4759800c927a2e4ba6b85c61b532be2) Importer(815301076,1909f56bfc062723c751e8b465ee728b)
Start importing Assets/Myshaeder/water2color/water2color.shadergraph using Guid(e4759800c927a2e4ba6b85c61b532be2) Importer(815301076,1909f56bfc062723c751e8b465ee728b)  -> (artifact id: 'd8756e22d39442941ac053a3ba2ae47f') in 0.008892 seconds 
  Import took 0.019971 seconds .

========================================================================
Received Import Request.
  Time since last request: 162.115049 seconds.
  path: Assets/Myshaeder/depthwater/depthwater.mat
  artifactKey: Guid(078cd0e0b550fc748a582f4d1ee8b058) Importer(815301076,1909f56bfc062723c751e8b465ee728b)
Start importing Assets/Myshaeder/depthwater/depthwater.mat using Guid(078cd0e0b550fc748a582f4d1ee8b058) Importer(815301076,1909f56bfc062723c751e8b465ee728b)  -> (artifact id: '5115a34ae71583f6209507edf4cf5c52') in 0.499994 seconds 
  Import took 0.505509 seconds .

========================================================================
Received Import Request.
  Time since last request: 25.036360 seconds.
  path: Assets/Myshaeder/depthwater/depthwater.shadersubgraph
  artifactKey: Guid(1399a3c2a0756eb42b16335f54c3fc15) Importer(815301076,1909f56bfc062723c751e8b465ee728b)
Start importing Assets/Myshaeder/depthwater/depthwater.shadersubgraph using Guid(1399a3c2a0756eb42b16335f54c3fc15) Importer(815301076,1909f56bfc062723c751e8b465ee728b)  -> (artifact id: '9bedb8495a71d506769833b81a8b61e7') in 0.008228 seconds 
  Import took 0.018121 seconds .

========================================================================
Received Import Request.
  Time since last request: 1066.904021 seconds.
  path: Assets/Myshaeder/movemeng
  artifactKey: Guid(ae685edb1856f4147ae3e5b0575182df) Importer(815301076,1909f56bfc062723c751e8b465ee728b)
Start importing Assets/Myshaeder/movemeng using Guid(ae685edb1856f4147ae3e5b0575182df) Importer(815301076,1909f56bfc062723c751e8b465ee728b)  -> (artifact id: '02166905fa6fd0f79c7847c661df5968') in 0.012961 seconds 
  Import took 0.020549 seconds .

========================================================================
Received Import Request.
  Time since last request: 21.317350 seconds.
  path: Assets/Myshaeder/movemeng/movemeng
  artifactKey: Guid(4eb3c0b78e6aec14db3c173b3d500571) Importer(815301076,1909f56bfc062723c751e8b465ee728b)
Start importing Assets/Myshaeder/movemeng/movemeng using Guid(4eb3c0b78e6aec14db3c173b3d500571) Importer(815301076,1909f56bfc062723c751e8b465ee728b)  -> (artifact id: 'c4402ef8b5ec57e580145c40ae9e9b16') in 0.003052 seconds 
  Import took 0.009001 seconds .

========================================================================
Received Import Request.
  Time since last request: 18.117444 seconds.
  path: Assets/Myshaeder/movemeng/watermovemeng
  artifactKey: Guid(8d414d0cf68c20b429800b813ed825b7) Importer(815301076,1909f56bfc062723c751e8b465ee728b)
Start importing Assets/Myshaeder/movemeng/watermovemeng using Guid(8d414d0cf68c20b429800b813ed825b7) Importer(815301076,1909f56bfc062723c751e8b465ee728b)  -> (artifact id: 'fae5dc739e26e144e2a4b8205e569398') in 0.012117 seconds 
  Import took 0.019397 seconds .

========================================================================
Received Import Request.
  Time since last request: 21.083002 seconds.
  path: Assets/Myshaeder/movemeng/movemeng/movemeng.shadergraph
  artifactKey: Guid(a2f159b925657b149ac1cc968fb3c5dd) Importer(815301076,1909f56bfc062723c751e8b465ee728b)
Start importing Assets/Myshaeder/movemeng/movemeng/movemeng.shadergraph using Guid(a2f159b925657b149ac1cc968fb3c5dd) Importer(815301076,1909f56bfc062723c751e8b465ee728b)  -> (artifact id: 'e82be6343a63121e87fd1e25faf23609') in 0.007397 seconds 
  Import took 0.015183 seconds .

========================================================================
Received Import Request.
  Time since last request: 186.027850 seconds.
  path: Assets/Myshaeder/movemeng/movemeng/movemeng.shadersubgraph
  artifactKey: Guid(d1d56e22afafc254dba0487791f8eb0a) Importer(815301076,1909f56bfc062723c751e8b465ee728b)
Start importing Assets/Myshaeder/movemeng/movemeng/movemeng.shadersubgraph using Guid(d1d56e22afafc254dba0487791f8eb0a) Importer(815301076,1909f56bfc062723c751e8b465ee728b)  -> (artifact id: '31b0e591d15e5edfe733e3b97f3d7fb6') in 0.025480 seconds 
  Import took 0.073094 seconds .

========================================================================
Received Import Request.
  Time since last request: 10.717421 seconds.
  path: Assets/Myshaeder/movemeng/movemeng/movemeng.shadergraph
  artifactKey: Guid(a2f159b925657b149ac1cc968fb3c5dd) Importer(815301076,1909f56bfc062723c751e8b465ee728b)
Start importing Assets/Myshaeder/movemeng/movemeng/movemeng.shadergraph using Guid(a2f159b925657b149ac1cc968fb3c5dd) Importer(815301076,1909f56bfc062723c751e8b465ee728b)  -> (artifact id: '39a847d7153469be110524312aa70fc5') in 0.005265 seconds 
  Import took 0.013350 seconds .

========================================================================
Received Import Request.
  Time since last request: 14.824518 seconds.
  path: Assets/Myshaeder/movemeng/movemeng/movemeng.mat
  artifactKey: Guid(198115b013ab75541b16d1b15cf3f3fa) Importer(815301076,1909f56bfc062723c751e8b465ee728b)
Start importing Assets/Myshaeder/movemeng/movemeng/movemeng.mat using Guid(198115b013ab75541b16d1b15cf3f3fa) Importer(815301076,1909f56bfc062723c751e8b465ee728b)  -> (artifact id: '10e4d78fbcc10064bc142703a9931eda') in 0.056758 seconds 
  Import took 0.064344 seconds .

========================================================================
Received Import Request.
  Time since last request: 39.263929 seconds.
  path: Assets/Myshaeder/movemeng/watermovemeng/watermovemeng.shadergraph
  artifactKey: Guid(07e0d23164b9825438e628f6dfadee47) Importer(815301076,1909f56bfc062723c751e8b465ee728b)
Start importing Assets/Myshaeder/movemeng/watermovemeng/watermovemeng.shadergraph using Guid(07e0d23164b9825438e628f6dfadee47) Importer(815301076,1909f56bfc062723c751e8b465ee728b)  -> (artifact id: '2286130ca44340be7f5c0e1da3092ab2') in 0.021921 seconds 
  Import took 0.036730 seconds .

========================================================================
Received Import Request.
  Time since last request: 353.591173 seconds.
  path: Assets/Myshaeder/movemeng/watermovemeng/watermovemeng.shadersubgraph
  artifactKey: Guid(177877032e73d274a93e9ee86ebd7d98) Importer(815301076,1909f56bfc062723c751e8b465ee728b)
Start importing Assets/Myshaeder/movemeng/watermovemeng/watermovemeng.shadersubgraph using Guid(177877032e73d274a93e9ee86ebd7d98) Importer(815301076,1909f56bfc062723c751e8b465ee728b)  -> (artifact id: '336acf09cd9b1d93981d9a21513f219f') in 0.004604 seconds 
  Import took 0.012350 seconds .

========================================================================
Received Import Request.
  Time since last request: 30.842429 seconds.
  path: Assets/Myshaeder/movemeng/watermovemeng/watermovemeng.mat
  artifactKey: Guid(1b00afe9726165247994a52177bda148) Importer(815301076,1909f56bfc062723c751e8b465ee728b)
Start importing Assets/Myshaeder/movemeng/watermovemeng/watermovemeng.mat using Guid(1b00afe9726165247994a52177bda148) Importer(815301076,1909f56bfc062723c751e8b465ee728b)  -> (artifact id: 'ec8de8d609a03c80971ff3ee9226683d') in 0.022489 seconds 
  Import took 0.034841 seconds .

========================================================================
Received Import Request.
  Time since last request: 13.863963 seconds.
  path: Assets/UniversalRenderPipelineAsset.asset
  artifactKey: Guid(7a2858886a72e7542a62b85bee4a645b) Importer(815301076,1909f56bfc062723c751e8b465ee728b)
Start importing Assets/UniversalRenderPipelineAsset.asset using Guid(7a2858886a72e7542a62b85bee4a645b) Importer(815301076,1909f56bfc062723c751e8b465ee728b)  -> (artifact id: 'a104c391586d1279a14e303aa97b903b') in 0.009235 seconds 
  Import took 0.019205 seconds .

========================================================================
Received Import Request.
  Time since last request: 36.744615 seconds.
  path: Assets/Myshaeder/together
  artifactKey: Guid(599d03f26bc8239448a1cf7efcd92cd4) Importer(815301076,1909f56bfc062723c751e8b465ee728b)
Start importing Assets/Myshaeder/together using Guid(599d03f26bc8239448a1cf7efcd92cd4) Importer(815301076,1909f56bfc062723c751e8b465ee728b)  -> (artifact id: 'e543a3bf9f5d40fc1cc5d1c4d062045c') in 0.020390 seconds 
  Import took 0.027986 seconds .

========================================================================
Received Import Request.
  Time since last request: 23.542198 seconds.
  path: Assets/Myshaeder/together/together.shadergraph
  artifactKey: Guid(11922509ab0079a4ca3fc75f7ec68d68) Importer(815301076,1909f56bfc062723c751e8b465ee728b)
Start importing Assets/Myshaeder/together/together.shadergraph using Guid(11922509ab0079a4ca3fc75f7ec68d68) Importer(815301076,1909f56bfc062723c751e8b465ee728b)  -> (artifact id: '23e8ed734074c6b4c1019677300775a4') in 0.007056 seconds 
  Import took 0.015797 seconds .

========================================================================
Received Import Request.
  Time since last request: 69.499757 seconds.
  path: Assets/Myshaeder/form
  artifactKey: Guid(427ea60524a37034296ac614ba909720) Importer(815301076,1909f56bfc062723c751e8b465ee728b)
Start importing Assets/Myshaeder/form using Guid(427ea60524a37034296ac614ba909720) Importer(815301076,1909f56bfc062723c751e8b465ee728b)  -> (artifact id: '63fdc217fbf295a9f667e4307637de81') in 0.013560 seconds 
  Import took 0.024471 seconds .

========================================================================
Received Import Request.
  Time since last request: 21.051191 seconds.
  path: Assets/Myshaeder/form/form.shadergraph
  artifactKey: Guid(03f7f380d53b15c4ea5fdf77e71dd9b1) Importer(815301076,1909f56bfc062723c751e8b465ee728b)
Start importing Assets/Myshaeder/form/form.shadergraph using Guid(03f7f380d53b15c4ea5fdf77e71dd9b1) Importer(815301076,1909f56bfc062723c751e8b465ee728b)  -> (artifact id: 'c119d08f52752f9724909851cc919d25') in 0.009769 seconds 
  Import took 0.017327 seconds .

========================================================================
Received Import Request.
  Time since last request: 4484.711939 seconds.
  path: Assets/Myshaeder/form/form.shadersubgraph
  artifactKey: Guid(40d5821e16a10ba4d89289e4efd7adf0) Importer(815301076,1909f56bfc062723c751e8b465ee728b)
Start importing Assets/Myshaeder/form/form.shadersubgraph using Guid(40d5821e16a10ba4d89289e4efd7adf0) Importer(815301076,1909f56bfc062723c751e8b465ee728b)  -> (artifact id: '1b61c1ac2b554993e2eca762a232d537') in 0.037121 seconds 
  Import took 0.056841 seconds .

========================================================================
Received Import Request.
  Time since last request: 6.508662 seconds.
  path: Assets/Myshaeder/form/New Material.mat
  artifactKey: Guid(26bf83ebe7b7d064680639675fc2ab2b) Importer(815301076,1909f56bfc062723c751e8b465ee728b)
Start importing Assets/Myshaeder/form/New Material.mat using Guid(26bf83ebe7b7d064680639675fc2ab2b) Importer(815301076,1909f56bfc062723c751e8b465ee728b)  -> (artifact id: '1363bee908c9188ad4a6ae882f497089') in 0.133685 seconds 
  Import took 0.150126 seconds .

========================================================================
Received Import Request.
  Time since last request: 10.287324 seconds.
  path: Assets/Myshaeder/form/form.mat
  artifactKey: Guid(26bf83ebe7b7d064680639675fc2ab2b) Importer(815301076,1909f56bfc062723c751e8b465ee728b)
Start importing Assets/Myshaeder/form/form.mat using Guid(26bf83ebe7b7d064680639675fc2ab2b) Importer(815301076,1909f56bfc062723c751e8b465ee728b)  -> (artifact id: '817911e7071538c28bba1e8c4cc598c2') in 0.036933 seconds 
  Import took 0.057849 seconds .

========================================================================
Received Import Request.
  Time since last request: 1076.525843 seconds.
  path: Assets/Myshaeder/together/together.shadergraph
  artifactKey: Guid(11922509ab0079a4ca3fc75f7ec68d68) Importer(815301076,1909f56bfc062723c751e8b465ee728b)
Start importing Assets/Myshaeder/together/together.shadergraph using Guid(11922509ab0079a4ca3fc75f7ec68d68) Importer(815301076,1909f56bfc062723c751e8b465ee728b)  -> (artifact id: '4dd36b07df20f2ef49df30b3ce4c0568') in 0.026615 seconds 
  Import took 0.050746 seconds .

========================================================================
Received Import Request.
  Time since last request: 10.735620 seconds.
  path: Assets/Myshaeder/together/New Material.mat
  artifactKey: Guid(67fcf8a871bb09244b659771b9abec41) Importer(815301076,1909f56bfc062723c751e8b465ee728b)
Start importing Assets/Myshaeder/together/New Material.mat using Guid(67fcf8a871bb09244b659771b9abec41) Importer(815301076,1909f56bfc062723c751e8b465ee728b)  -> (artifact id: '3b99610cab9e7507b07921f741b69b06') in 0.070252 seconds 
  Import took 0.108456 seconds .

========================================================================
Received Import Request.
  Time since last request: 9.899327 seconds.
  path: Assets/Myshaeder/together/together.mat
  artifactKey: Guid(67fcf8a871bb09244b659771b9abec41) Importer(815301076,1909f56bfc062723c751e8b465ee728b)
Start importing Assets/Myshaeder/together/together.mat using Guid(67fcf8a871bb09244b659771b9abec41) Importer(815301076,1909f56bfc062723c751e8b465ee728b)  -> (artifact id: '008cd9b66d36804779cd22db6f011c1b') in 0.053797 seconds 
  Import took 0.070914 seconds .

========================================================================
Received Prepare
Registering precompiled user dll's ...
Registered in 0.014554 seconds.
Begin MonoManager ReloadAssembly
Native extension for WindowsStandalone target not found
Refreshing native plugins compatible for Editor in 1.14 ms, found 2 plugins.
Preloading 0 native plugins for Editor in 0.00 ms.
Mono: successfully reloaded assembly
- Completed reload, in  3.478 seconds
Domain Reload Profiling:
	ReloadAssembly (3482ms)
		BeginReloadAssembly (597ms)
			ExecutionOrderSort (0ms)
			DisableScriptedObjects (48ms)
			BackupInstance (0ms)
			ReleaseScriptingObjects (0ms)
			CreateAndSetChildDomain (274ms)
		EndReloadAssembly (2694ms)
			LoadAssemblies (298ms)
			RebuildTransferFunctionScriptingTraits (0ms)
			SetupTypeCache (987ms)
			ReleaseScriptCaches (3ms)
			RebuildScriptCaches (124ms)
			SetupLoadedEditorAssemblies (917ms)
				LogAssemblyErrors (0ms)
				InitializePlatformSupportModulesInManaged (16ms)
				SetLoadedEditorAssemblies (1ms)
				RefreshPlugins (1ms)
				BeforeProcessingInitializeOnLoad (180ms)
				ProcessInitializeOnLoadAttributes (670ms)
				ProcessInitializeOnLoadMethodAttributes (26ms)
				AfterProcessingInitializeOnLoad (20ms)
				EditorAssembliesLoaded (1ms)
			ExecutionOrderSort2 (0ms)
			AwakeInstancesAfterBackupRestoration (50ms)
Platform modules already initialized, skipping
Refreshing native plugins compatible for Editor in 1.75 ms, found 2 plugins.
Preloading 0 native plugins for Editor in 0.00 ms.
Unloading 2826 Unused Serialized files (Serialized files now loaded: 0)
System memory in use before: 141.3 MB.
System memory in use after: 141.6 MB.

Unloading 15 unused Assets to reduce memory usage. Loaded Objects now: 3451.
Total: 11.978600 ms (FindLiveObjects: 0.963800 ms CreateObjectMapping: 0.651000 ms MarkObjects: 10.246700 ms  DeleteObjects: 0.113900 ms)

AssetImportParameters requested are different than current active one (requested -> active):
  custom:framework-win-MediaFoundation: 216162199b28c13a410421893ffa2e32 -> 
  custom:video-decoder-ogg-theora: a1e56fd34408186e4bbccfd4996cb3dc -> 
  custom:container-muxer-webm: aa71ff27fc2769a1b78a27578f13a17b -> 
  custom:container-demuxer-webm: 4f35f7cbe854078d1ac9338744f61a02 -> 
  custom:container-demuxer-ogg: 62fdf1f143b41e24485cea50d1cbac27 -> 
  custom:video-encoder-webm-vp8: eb34c28f22e8b96e1ab97ce403110664 -> 
  custom:video-codec-MediaFoundation-h265: 746d11721c4dcdbdad8f713fa42b33f4 -> 
  custom:video-decoder-webm-vp8: 9c59270c3fd7afecdb556c50c9e8de78 -> 
  custom:audio-decoder-ogg-vorbis: bf7c407c2cedff20999df2af8eb42d56 -> 
  custom:audio-encoder-webm-vorbis: bf7c407c2cedff20999df2af8eb42d56 -> 
========================================================================
Received Import Request.
  Time since last request: 1440.101492 seconds.
  path: Assets/Model/pearl@Thriller Part 3.fbx
  artifactKey: Guid(4b06d9813ff425b42a19d731d004afff) Importer(815301076,1909f56bfc062723c751e8b465ee728b)
Start importing Assets/Model/pearl@Thriller Part 3.fbx using Guid(4b06d9813ff425b42a19d731d004afff) Importer(815301076,1909f56bfc062723c751e8b465ee728b)  -> (artifact id: '1e214463657938de85d9873a024f89eb') in 1.895604 seconds 
  Import took 1.929234 seconds .

========================================================================
Received Import Request.
  Time since last request: 37.660479 seconds.
  path: Assets/Model/pearl@Thriller Part 3.fbx
  artifactKey: Guid(4b06d9813ff425b42a19d731d004afff) Importer(815301076,1909f56bfc062723c751e8b465ee728b)
Start importing Assets/Model/pearl@Thriller Part 3.fbx using Guid(4b06d9813ff425b42a19d731d004afff) Importer(815301076,1909f56bfc062723c751e8b465ee728b)  -> (artifact id: '2ca6bef448bd09fd147659280498b6f6') in 0.553404 seconds 
  Import took 0.584101 seconds .

========================================================================
Received Import Request.
  Time since last request: 24.719934 seconds.
  path: Assets/Model
  artifactKey: Guid(5f77e8cee2b946e4d8c246e94509288a) Importer(815301076,1909f56bfc062723c751e8b465ee728b)
Start importing Assets/Model using Guid(5f77e8cee2b946e4d8c246e94509288a) Importer(815301076,1909f56bfc062723c751e8b465ee728b)  -> (artifact id: '6288e21327eba1b9e43fb653ac610cba') in 0.033076 seconds 
  Import took 0.050426 seconds .

========================================================================
Received Import Request.
  Time since last request: 29.307815 seconds.
  path: Assets/Model/jajar.controller
  artifactKey: Guid(18f2e20642b1a704f8d53bf5e6e5d9f8) Importer(815301076,1909f56bfc062723c751e8b465ee728b)
Start importing Assets/Model/jajar.controller using Guid(18f2e20642b1a704f8d53bf5e6e5d9f8) Importer(815301076,1909f56bfc062723c751e8b465ee728b)  -> (artifact id: 'cd430c0a89d3be5f6eb218dc6d6fa0f2') in 0.058013 seconds 
  Import took 0.082909 seconds .

========================================================================
Received Prepare
Registering precompiled user dll's ...
Registered in 0.021400 seconds.
Begin MonoManager ReloadAssembly
Native extension for WindowsStandalone target not found
Refreshing native plugins compatible for Editor in 2.05 ms, found 2 plugins.
Preloading 0 native plugins for Editor in 0.00 ms.
Mono: successfully reloaded assembly
- Completed reload, in  5.354 seconds
Domain Reload Profiling:
	ReloadAssembly (5357ms)
		BeginReloadAssembly (953ms)
			ExecutionOrderSort (0ms)
			DisableScriptedObjects (37ms)
			BackupInstance (0ms)
			ReleaseScriptingObjects (0ms)
			CreateAndSetChildDomain (275ms)
		EndReloadAssembly (3910ms)
			LoadAssemblies (767ms)
			RebuildTransferFunctionScriptingTraits (1ms)
			SetupTypeCache (1311ms)
			ReleaseScriptCaches (6ms)
			RebuildScriptCaches (200ms)
			SetupLoadedEditorAssemblies (1257ms)
				LogAssemblyErrors (0ms)
				InitializePlatformSupportModulesInManaged (25ms)
				SetLoadedEditorAssemblies (1ms)
				RefreshPlugins (4ms)
				BeforeProcessingInitializeOnLoad (266ms)
				ProcessInitializeOnLoadAttributes (877ms)
				ProcessInitializeOnLoadMethodAttributes (48ms)
				AfterProcessingInitializeOnLoad (35ms)
				EditorAssembliesLoaded (1ms)
			ExecutionOrderSort2 (0ms)
			AwakeInstancesAfterBackupRestoration (65ms)
Platform modules already initialized, skipping
Refreshing native plugins compatible for Editor in 2.49 ms, found 2 plugins.
Preloading 0 native plugins for Editor in 0.00 ms.
Unloading 2823 Unused Serialized files (Serialized files now loaded: 0)
System memory in use before: 141.3 MB.
System memory in use after: 141.5 MB.

Unloading 15 unused Assets to reduce memory usage. Loaded Objects now: 3490.
Total: 18.752100 ms (FindLiveObjects: 0.942300 ms CreateObjectMapping: 0.593400 ms MarkObjects: 17.141400 ms  DeleteObjects: 0.071500 ms)

AssetImportParameters requested are different than current active one (requested -> active):
  custom:framework-win-MediaFoundation: 216162199b28c13a410421893ffa2e32 -> 
  custom:video-decoder-ogg-theora: a1e56fd34408186e4bbccfd4996cb3dc -> 
  custom:container-muxer-webm: aa71ff27fc2769a1b78a27578f13a17b -> 
  custom:container-demuxer-webm: 4f35f7cbe854078d1ac9338744f61a02 -> 
  custom:container-demuxer-ogg: 62fdf1f143b41e24485cea50d1cbac27 -> 
  custom:video-encoder-webm-vp8: eb34c28f22e8b96e1ab97ce403110664 -> 
  custom:video-codec-MediaFoundation-h265: 746d11721c4dcdbdad8f713fa42b33f4 -> 
  custom:video-decoder-webm-vp8: 9c59270c3fd7afecdb556c50c9e8de78 -> 
  custom:audio-decoder-ogg-vorbis: bf7c407c2cedff20999df2af8eb42d56 -> 
  custom:audio-encoder-webm-vorbis: bf7c407c2cedff20999df2af8eb42d56 -> 
AssetImportWorkerClient::OnTransportError - code=2 error=End of file
